<?xml version="1.0" encoding="UTF-8" ?>
<testsuite tests="11" failures="11" name="it.unisa.diem.mycontacts.datastructure.RubricaTest" time="0.02" errors="0" skipped="0">
  <properties>
    <property name="java.runtime.name" value="Java(TM) SE Runtime Environment"/>
    <property name="sun.boot.library.path" value="/Library/Java/JavaVirtualMachines/jdk-1.8.jdk/Contents/Home/jre/lib"/>
    <property name="java.vm.version" value="25.411-b09"/>
    <property name="gopherProxySet" value="false"/>
    <property name="java.vm.vendor" value="Oracle Corporation"/>
    <property name="maven.multiModuleProjectDirectory" value="/Users/lupo/Desktop/Gruppo11/MyContactsProject"/>
    <property name="java.vendor.url" value="http://java.oracle.com/"/>
    <property name="path.separator" value=":"/>
    <property name="guice.disable.misplaced.annotation.check" value="true"/>
    <property name="java.vm.name" value="Java HotSpot(TM) 64-Bit Server VM"/>
    <property name="file.encoding.pkg" value="sun.io"/>
    <property name="user.country" value="IT"/>
    <property name="sun.java.launcher" value="SUN_STANDARD"/>
    <property name="sun.os.patch.level" value="unknown"/>
    <property name="java.vm.specification.name" value="Java Virtual Machine Specification"/>
    <property name="user.dir" value="/Users/lupo/Desktop/Gruppo11/MyContactsProject"/>
    <property name="java.runtime.version" value="1.8.0_411-b09"/>
    <property name="java.awt.graphicsenv" value="sun.awt.CGraphicsEnvironment"/>
    <property name="java.endorsed.dirs" value="/Library/Java/JavaVirtualMachines/jdk-1.8.jdk/Contents/Home/jre/lib/endorsed"/>
    <property name="os.arch" value="aarch64"/>
    <property name="java.io.tmpdir" value="/var/folders/qk/c36w1r_x31nbt_wxpz_c54bw0000gn/T/"/>
    <property name="line.separator" value="
"/>
    <property name="java.vm.specification.vendor" value="Oracle Corporation"/>
    <property name="os.name" value="Mac OS X"/>
    <property name="maven.ext.class.path" value="/Applications/NetBeans/Apache NetBeans 12.4.app/Contents/Resources/NetBeans/netbeans/java/maven-nblib/netbeans-eventspy.jar"/>
    <property name="classworlds.conf" value="/Applications/NetBeans/Apache NetBeans 12.4.app/Contents/Resources/NetBeans/netbeans/java/maven/bin/m2.conf"/>
    <property name="sun.jnu.encoding" value="UTF-8"/>
    <property name="java.library.path" value="/Users/lupo/Library/Java/Extensions:/Library/Java/Extensions:/Network/Library/Java/Extensions:/System/Library/Java/Extensions:/usr/lib/java:."/>
    <property name="maven.conf" value="/Applications/NetBeans/Apache NetBeans 12.4.app/Contents/Resources/NetBeans/netbeans/java/maven/conf"/>
    <property name="java.specification.name" value="Java Platform API Specification"/>
    <property name="java.class.version" value="52.0"/>
    <property name="sun.management.compiler" value="HotSpot 64-Bit Tiered Compilers"/>
    <property name="os.version" value="14.6.1"/>
    <property name="library.jansi.path" value="/Applications/NetBeans/Apache NetBeans 12.4.app/Contents/Resources/NetBeans/netbeans/java/maven/lib/jansi-native"/>
    <property name="user.home" value="/Users/lupo"/>
    <property name="user.timezone" value="Europe/Rome"/>
    <property name="java.awt.printerjob" value="sun.lwawt.macosx.CPrinterJob"/>
    <property name="java.specification.version" value="1.8"/>
    <property name="file.encoding" value="UTF-8"/>
    <property name="user.name" value="lupo"/>
    <property name="java.class.path" value="/Applications/NetBeans/Apache NetBeans 12.4.app/Contents/Resources/NetBeans/netbeans/java/maven/boot/plexus-classworlds-2.6.0.jar"/>
    <property name="java.vm.specification.version" value="1.8"/>
    <property name="sun.arch.data.model" value="64"/>
    <property name="java.home" value="/Library/Java/JavaVirtualMachines/jdk-1.8.jdk/Contents/Home/jre"/>
    <property name="sun.java.command" value="org.codehaus.plexus.classworlds.launcher.Launcher -Dmaven.ext.class.path=/Applications/NetBeans/Apache NetBeans 12.4.app/Contents/Resources/NetBeans/netbeans/java/maven-nblib/netbeans-eventspy.jar test"/>
    <property name="java.specification.vendor" value="Oracle Corporation"/>
    <property name="user.language" value="it"/>
    <property name="awt.toolkit" value="sun.lwawt.macosx.LWCToolkit"/>
    <property name="java.vm.info" value="mixed mode"/>
    <property name="java.version" value="1.8.0_411"/>
    <property name="java.ext.dirs" value="/Users/lupo/Library/Java/Extensions:/Library/Java/JavaVirtualMachines/jdk-1.8.jdk/Contents/Home/jre/lib/ext:/Library/Java/Extensions:/Network/Library/Java/Extensions:/System/Library/Java/Extensions:/usr/lib/java"/>
    <property name="sun.boot.class.path" value="/Library/Java/JavaVirtualMachines/jdk-1.8.jdk/Contents/Home/jre/lib/resources.jar:/Library/Java/JavaVirtualMachines/jdk-1.8.jdk/Contents/Home/jre/lib/rt.jar:/Library/Java/JavaVirtualMachines/jdk-1.8.jdk/Contents/Home/jre/lib/jsse.jar:/Library/Java/JavaVirtualMachines/jdk-1.8.jdk/Contents/Home/jre/lib/jce.jar:/Library/Java/JavaVirtualMachines/jdk-1.8.jdk/Contents/Home/jre/lib/charsets.jar:/Library/Java/JavaVirtualMachines/jdk-1.8.jdk/Contents/Home/jre/lib/jfr.jar:/Library/Java/JavaVirtualMachines/jdk-1.8.jdk/Contents/Home/jre/classes"/>
    <property name="java.vendor" value="Oracle Corporation"/>
    <property name="java.specification.maintenance.version" value="5"/>
    <property name="maven.home" value="/Applications/NetBeans/Apache NetBeans 12.4.app/Contents/Resources/NetBeans/netbeans/java/maven"/>
    <property name="file.separator" value="/"/>
    <property name="java.vendor.url.bug" value="http://bugreport.sun.com/bugreport/"/>
    <property name="sun.cpu.endian" value="little"/>
    <property name="sun.io.unicode.encoding" value="UnicodeBig"/>
    <property name="sun.cpu.isalist" value=""/>
  </properties>
  <testcase classname="it.unisa.diem.mycontacts.datastructure.RubricaTest" name="it.unisa.diem.mycontacts.datastructure.RubricaTest.testAggiungiContatto" time="0">
    <failure type="java.lang.NullPointerException">java.lang.NullPointerException
	at it.unisa.diem.mycontacts.datastructure.RubricaTest.testAggiungiContatto(RubricaTest.java:125)
</failure>
  </testcase>
  <testcase classname="it.unisa.diem.mycontacts.datastructure.RubricaTest" name="it.unisa.diem.mycontacts.datastructure.RubricaTest.testRimuoviContatto" time="0">
    <failure type="java.lang.NullPointerException">java.lang.NullPointerException
	at it.unisa.diem.mycontacts.datastructure.RubricaTest.testRimuoviContatto(RubricaTest.java:137)
</failure>
  </testcase>
  <testcase classname="it.unisa.diem.mycontacts.datastructure.RubricaTest" name="it.unisa.diem.mycontacts.datastructure.RubricaTest.testAggiungiAPreferiti" time="0">
    <failure type="java.lang.NullPointerException">java.lang.NullPointerException
	at it.unisa.diem.mycontacts.datastructure.RubricaTest.testAggiungiAPreferiti(RubricaTest.java:179)
</failure>
  </testcase>
  <testcase classname="it.unisa.diem.mycontacts.datastructure.RubricaTest" name="it.unisa.diem.mycontacts.datastructure.RubricaTest.testResetRubrica" time="0">
    <failure type="java.lang.NullPointerException">java.lang.NullPointerException
	at it.unisa.diem.mycontacts.datastructure.RubricaTest.testResetRubrica(RubricaTest.java:150)
</failure>
  </testcase>
  <testcase classname="it.unisa.diem.mycontacts.datastructure.RubricaTest" name="it.unisa.diem.mycontacts.datastructure.RubricaTest.testRimuoviDaPreferiti" time="0.006">
    <failure type="java.lang.NullPointerException">java.lang.NullPointerException
	at it.unisa.diem.mycontacts.datastructure.Rubrica.rimuoviDaPreferiti(Rubrica.java:162)
	at it.unisa.diem.mycontacts.datastructure.RubricaTest.testRimuoviDaPreferiti(RubricaTest.java:193)
</failure>
    <system-out>rimuoviDaPreferiti
</system-out>
  </testcase>
  <testcase classname="it.unisa.diem.mycontacts.datastructure.RubricaTest" name="it.unisa.diem.mycontacts.datastructure.RubricaTest.testIsRubricaVuota" time="0">
    <failure type="java.lang.NullPointerException">java.lang.NullPointerException
	at it.unisa.diem.mycontacts.datastructure.RubricaTest.testIsRubricaVuota(RubricaTest.java:164)
</failure>
  </testcase>
  <testcase classname="it.unisa.diem.mycontacts.datastructure.RubricaTest" name="it.unisa.diem.mycontacts.datastructure.RubricaTest.testEsportaRubrica" time="0">
    <failure type="java.lang.NullPointerException">java.lang.NullPointerException
	at it.unisa.diem.mycontacts.datastructure.RubricaTest.testEsportaRubrica(RubricaTest.java:203)
</failure>
  </testcase>
  <testcase classname="it.unisa.diem.mycontacts.datastructure.RubricaTest" name="it.unisa.diem.mycontacts.datastructure.RubricaTest.testRicercaContatti" time="0">
    <failure type="java.lang.NullPointerException">java.lang.NullPointerException
	at it.unisa.diem.mycontacts.datastructure.RubricaTest.testRicercaContatti(RubricaTest.java:105)
</failure>
  </testcase>
  <testcase classname="it.unisa.diem.mycontacts.datastructure.RubricaTest" name="it.unisa.diem.mycontacts.datastructure.RubricaTest.testGetElencoPreferiti" time="0">
    <failure type="java.lang.NullPointerException">java.lang.NullPointerException
	at it.unisa.diem.mycontacts.datastructure.RubricaTest.testGetElencoPreferiti(RubricaTest.java:91)
</failure>
  </testcase>
  <testcase classname="it.unisa.diem.mycontacts.datastructure.RubricaTest" name="it.unisa.diem.mycontacts.datastructure.RubricaTest.testGetElenco" time="0">
    <failure type="java.lang.NullPointerException">java.lang.NullPointerException
	at it.unisa.diem.mycontacts.datastructure.RubricaTest.testGetElenco(RubricaTest.java:77)
</failure>
  </testcase>
  <testcase classname="it.unisa.diem.mycontacts.datastructure.RubricaTest" name="it.unisa.diem.mycontacts.datastructure.RubricaTest.testImportaRubrica" time="0.014">
    <failure type="java.lang.NullPointerException">java.lang.NullPointerException
	at it.unisa.diem.mycontacts.datastructure.RubricaTest.testImportaRubrica(RubricaTest.java:226)
</failure>
  </testcase>
</testsuite>