<?xml version="1.0" encoding="UTF-8" ?>
<testsuite tests="11" failures="11" name="it.unisa.diem.mycontacts.datastructure.RubricaTest" time="0.314" errors="0" skipped="0">
  <properties>
    <property name="java.runtime.name" value="Java(TM) SE Runtime Environment"/>
    <property name="sun.boot.library.path" value="C:\Program Files\Java\jdk1.8.0_201\jre\bin"/>
    <property name="java.vm.version" value="25.201-b09"/>
    <property name="java.vm.vendor" value="Oracle Corporation"/>
    <property name="maven.multiModuleProjectDirectory" value="C:\Users\gianm\Documents\GitHub\Gruppo11\MyContactsProject"/>
    <property name="java.vendor.url" value="http://java.oracle.com/"/>
    <property name="path.separator" value=";"/>
    <property name="guice.disable.misplaced.annotation.check" value="true"/>
    <property name="java.vm.name" value="Java HotSpot(TM) 64-Bit Server VM"/>
    <property name="file.encoding.pkg" value="sun.io"/>
    <property name="user.script" value=""/>
    <property name="user.country" value="IT"/>
    <property name="sun.java.launcher" value="SUN_STANDARD"/>
    <property name="sun.os.patch.level" value=""/>
    <property name="test" value="it.unisa.diem.mycontacts.datastructure.RubricaTest"/>
    <property name="java.vm.specification.name" value="Java Virtual Machine Specification"/>
    <property name="user.dir" value="C:\Users\gianm\Documents\GitHub\Gruppo11\MyContactsProject"/>
    <property name="java.runtime.version" value="1.8.0_201-b09"/>
    <property name="java.awt.graphicsenv" value="sun.awt.Win32GraphicsEnvironment"/>
    <property name="java.endorsed.dirs" value="C:\Program Files\Java\jdk1.8.0_201\jre\lib\endorsed"/>
    <property name="os.arch" value="amd64"/>
    <property name="java.io.tmpdir" value="C:\Users\gianm\AppData\Local\Temp\"/>
    <property name="line.separator" value="
"/>
    <property name="java.vm.specification.vendor" value="Oracle Corporation"/>
    <property name="user.variant" value=""/>
    <property name="os.name" value="Windows 10"/>
    <property name="maven.ext.class.path" value="C:\Program Files\NetBeans-15\netbeans\java\maven-nblib\netbeans-eventspy.jar"/>
    <property name="classworlds.conf" value="C:\Program Files\NetBeans-15\netbeans\java\maven\bin\m2.conf"/>
    <property name="sun.jnu.encoding" value="Cp1252"/>
    <property name="java.library.path" value="C:\Program Files\Java\jdk1.8.0_201\bin;C:\WINDOWS\Sun\Java\bin;C:\WINDOWS\system32;C:\WINDOWS;C:\Program Files (x86)\Common Files\Oracle\Java\java8path;C:\Program Files (x86)\Common Files\Oracle\Java\javapath;C:\WINDOWS\system32;C:\WINDOWS;C:\WINDOWS\System32\Wbem;C:\WINDOWS\System32\WindowsPowerShell\v1.0\;C:\WINDOWS\System32\OpenSSH\;C:\MinGW\bin;C:\Program Files\MATLAB\R2023a\bin;C:\Users\gianm\AppData\Local\Microsoft\WindowsApps;C:\MinGW;C:\Users\gianm\AppData\Local\Programs\Microsoft VS Code\bin;C:\Users\gianm\AppData\Local\GitHubDesktop\bin;."/>
    <property name="maven.conf" value="C:\Program Files\NetBeans-15\netbeans\java\maven/conf"/>
    <property name="java.specification.name" value="Java Platform API Specification"/>
    <property name="java.class.version" value="52.0"/>
    <property name="sun.management.compiler" value="HotSpot 64-Bit Tiered Compilers"/>
    <property name="os.version" value="10.0"/>
    <property name="library.jansi.path" value="C:\Program Files\NetBeans-15\netbeans\java\maven\lib\jansi-native"/>
    <property name="user.home" value="C:\Users\gianm"/>
    <property name="user.timezone" value="Europe/Berlin"/>
    <property name="java.awt.printerjob" value="sun.awt.windows.WPrinterJob"/>
    <property name="java.specification.version" value="1.8"/>
    <property name="file.encoding" value="UTF-8"/>
    <property name="user.name" value="gianm"/>
    <property name="java.class.path" value="C:\Program Files\NetBeans-15\netbeans\java\maven\boot\plexus-classworlds-2.6.0.jar"/>
    <property name="java.vm.specification.version" value="1.8"/>
    <property name="sun.arch.data.model" value="64"/>
    <property name="java.home" value="C:\Program Files\Java\jdk1.8.0_201\jre"/>
    <property name="sun.java.command" value="org.codehaus.plexus.classworlds.launcher.Launcher -Dtest=it.unisa.diem.mycontacts.datastructure.RubricaTest -Dmaven.ext.class.path=C:\Program Files\NetBeans-15\netbeans\java\maven-nblib\netbeans-eventspy.jar -Dfile.encoding=UTF-8 surefire:test"/>
    <property name="java.specification.vendor" value="Oracle Corporation"/>
    <property name="user.language" value="it"/>
    <property name="awt.toolkit" value="sun.awt.windows.WToolkit"/>
    <property name="java.vm.info" value="mixed mode"/>
    <property name="java.version" value="1.8.0_201"/>
    <property name="java.ext.dirs" value="C:\Program Files\Java\jdk1.8.0_201\jre\lib\ext;C:\WINDOWS\Sun\Java\lib\ext"/>
    <property name="sun.boot.class.path" value="C:\Program Files\Java\jdk1.8.0_201\jre\lib\resources.jar;C:\Program Files\Java\jdk1.8.0_201\jre\lib\rt.jar;C:\Program Files\Java\jdk1.8.0_201\jre\lib\sunrsasign.jar;C:\Program Files\Java\jdk1.8.0_201\jre\lib\jsse.jar;C:\Program Files\Java\jdk1.8.0_201\jre\lib\jce.jar;C:\Program Files\Java\jdk1.8.0_201\jre\lib\charsets.jar;C:\Program Files\Java\jdk1.8.0_201\jre\lib\jfr.jar;C:\Program Files\Java\jdk1.8.0_201\jre\classes"/>
    <property name="java.vendor" value="Oracle Corporation"/>
    <property name="maven.home" value="C:\Program Files\NetBeans-15\netbeans\java\maven"/>
    <property name="file.separator" value="\"/>
    <property name="java.vendor.url.bug" value="http://bugreport.sun.com/bugreport/"/>
    <property name="sun.cpu.endian" value="little"/>
    <property name="sun.io.unicode.encoding" value="UnicodeLittle"/>
    <property name="sun.desktop" value="windows"/>
    <property name="sun.cpu.isalist" value="amd64"/>
  </properties>
  <testcase classname="it.unisa.diem.mycontacts.datastructure.RubricaTest" name="it.unisa.diem.mycontacts.datastructure.RubricaTest.testGetElenco" time="0">
    <failure type="java.lang.NullPointerException">java.lang.NullPointerException
	at it.unisa.diem.mycontacts.datastructure.RubricaTest.testGetElenco(RubricaTest.java:77)
</failure>
  </testcase>
  <testcase classname="it.unisa.diem.mycontacts.datastructure.RubricaTest" name="it.unisa.diem.mycontacts.datastructure.RubricaTest.testResetRubrica" time="0">
    <failure type="java.lang.NullPointerException">java.lang.NullPointerException
	at it.unisa.diem.mycontacts.datastructure.RubricaTest.testResetRubrica(RubricaTest.java:150)
</failure>
  </testcase>
  <testcase classname="it.unisa.diem.mycontacts.datastructure.RubricaTest" name="it.unisa.diem.mycontacts.datastructure.RubricaTest.testGetElencoPreferiti" time="0">
    <failure type="java.lang.NullPointerException">java.lang.NullPointerException
	at it.unisa.diem.mycontacts.datastructure.RubricaTest.testGetElencoPreferiti(RubricaTest.java:91)
</failure>
  </testcase>
  <testcase classname="it.unisa.diem.mycontacts.datastructure.RubricaTest" name="it.unisa.diem.mycontacts.datastructure.RubricaTest.testRicercaContatti" time="0">
    <failure type="java.lang.NullPointerException">java.lang.NullPointerException
	at it.unisa.diem.mycontacts.datastructure.RubricaTest.testRicercaContatti(RubricaTest.java:105)
</failure>
  </testcase>
  <testcase classname="it.unisa.diem.mycontacts.datastructure.RubricaTest" name="it.unisa.diem.mycontacts.datastructure.RubricaTest.testAggiungiContatto" time="0">
    <failure type="java.lang.NullPointerException">java.lang.NullPointerException
	at it.unisa.diem.mycontacts.datastructure.RubricaTest.testAggiungiContatto(RubricaTest.java:125)
</failure>
  </testcase>
  <testcase classname="it.unisa.diem.mycontacts.datastructure.RubricaTest" name="it.unisa.diem.mycontacts.datastructure.RubricaTest.testRimuoviContatto" time="0">
    <failure type="java.lang.NullPointerException">java.lang.NullPointerException
	at it.unisa.diem.mycontacts.datastructure.RubricaTest.testRimuoviContatto(RubricaTest.java:137)
</failure>
  </testcase>
  <testcase classname="it.unisa.diem.mycontacts.datastructure.RubricaTest" name="it.unisa.diem.mycontacts.datastructure.RubricaTest.testEsportaRubrica" time="0">
    <failure type="java.lang.NullPointerException">java.lang.NullPointerException
	at it.unisa.diem.mycontacts.datastructure.RubricaTest.testEsportaRubrica(RubricaTest.java:203)
</failure>
  </testcase>
  <testcase classname="it.unisa.diem.mycontacts.datastructure.RubricaTest" name="it.unisa.diem.mycontacts.datastructure.RubricaTest.testAggiungiAPreferiti" time="0">
    <failure type="java.lang.NullPointerException">java.lang.NullPointerException
	at it.unisa.diem.mycontacts.datastructure.RubricaTest.testAggiungiAPreferiti(RubricaTest.java:179)
</failure>
  </testcase>
  <testcase classname="it.unisa.diem.mycontacts.datastructure.RubricaTest" name="it.unisa.diem.mycontacts.datastructure.RubricaTest.testRimuoviDaPreferiti" time="0.016">
    <failure type="java.lang.NullPointerException">java.lang.NullPointerException
	at it.unisa.diem.mycontacts.datastructure.Rubrica.rimuoviDaPreferiti(Rubrica.java:162)
	at it.unisa.diem.mycontacts.datastructure.RubricaTest.testRimuoviDaPreferiti(RubricaTest.java:193)
</failure>
    <system-out>rimuoviDaPreferiti
</system-out>
  </testcase>
  <testcase classname="it.unisa.diem.mycontacts.datastructure.RubricaTest" name="it.unisa.diem.mycontacts.datastructure.RubricaTest.testIsRubricaVuota" time="0">
    <failure type="java.lang.NullPointerException">java.lang.NullPointerException
	at it.unisa.diem.mycontacts.datastructure.RubricaTest.testIsRubricaVuota(RubricaTest.java:164)
</failure>
  </testcase>
  <testcase classname="it.unisa.diem.mycontacts.datastructure.RubricaTest" name="it.unisa.diem.mycontacts.datastructure.RubricaTest.testImportaRubrica" time="0.298">
    <failure type="java.lang.NullPointerException">java.lang.NullPointerException
	at it.unisa.diem.mycontacts.datastructure.RubricaTest.testImportaRubrica(RubricaTest.java:226)
</failure>
  </testcase>
</testsuite>