<?xml version="1.0" encoding="UTF-8"?>
<testsuite xmlns:xsi="http://www.w3.org/2001/XMLSchema-instance" xsi:noNamespaceSchemaLocation="https://maven.apache.org/surefire/maven-surefire-plugin/xsd/surefire-test-report.xsd" name="it.unisa.diem.mycontacts.datastructure.RubricaTest" time="0.574" tests="10" errors="2" skipped="0" failures="0">
  <properties>
    <property name="sun.desktop" value="windows"/>
    <property name="awt.toolkit" value="sun.awt.windows.WToolkit"/>
    <property name="file.encoding.pkg" value="sun.io"/>
    <property name="java.specification.version" value="1.8"/>
    <property name="sun.cpu.isalist" value="amd64"/>
    <property name="sun.jnu.encoding" value="Cp1252"/>
    <property name="java.class.path" value="C:\Users\gianm\Documents\GitHub\Gruppo11\MyContactsProject\target\test-classes;C:\Users\gianm\Documents\GitHub\Gruppo11\MyContactsProject\target\classes;C:\Users\gianm\.m2\repository\org\junit\jupiter\junit-jupiter-api\5.6.0\junit-jupiter-api-5.6.0.jar;C:\Users\gianm\.m2\repository\org\apiguardian\apiguardian-api\1.1.0\apiguardian-api-1.1.0.jar;C:\Users\gianm\.m2\repository\org\opentest4j\opentest4j\1.2.0\opentest4j-1.2.0.jar;C:\Users\gianm\.m2\repository\org\junit\platform\junit-platform-commons\1.6.0\junit-platform-commons-1.6.0.jar;C:\Users\gianm\.m2\repository\org\junit\jupiter\junit-jupiter-params\5.6.0\junit-jupiter-params-5.6.0.jar;C:\Users\gianm\.m2\repository\org\junit\jupiter\junit-jupiter-engine\5.6.0\junit-jupiter-engine-5.6.0.jar;C:\Users\gianm\.m2\repository\org\junit\platform\junit-platform-engine\1.6.0\junit-platform-engine-1.6.0.jar;"/>
    <property name="java.vm.vendor" value="Oracle Corporation"/>
    <property name="sun.arch.data.model" value="64"/>
    <property name="user.variant" value=""/>
    <property name="java.vendor.url" value="http://java.oracle.com/"/>
    <property name="user.timezone" value="Europe/Berlin"/>
    <property name="java.vm.specification.version" value="1.8"/>
    <property name="os.name" value="Windows 10"/>
    <property name="sun.java.launcher" value="SUN_STANDARD"/>
    <property name="user.country" value="IT"/>
    <property name="sun.boot.library.path" value="C:\Program Files\Java\jdk1.8.0_201\jre\bin"/>
    <property name="sun.java.command" value="C:\Users\gianm\AppData\Local\Temp\surefire8445721738549369827\surefirebooter4767074290159448560.jar C:\Users\gianm\AppData\Local\Temp\surefire8445721738549369827 2024-12-13T12-10-25_949-jvmRun1 surefire6905289951356672862tmp surefire_08173968329132801385tmp"/>
    <property name="test" value="it.unisa.diem.mycontacts.datastructure.RubricaTest"/>
    <property name="surefire.test.class.path" value="C:\Users\gianm\Documents\GitHub\Gruppo11\MyContactsProject\target\test-classes;C:\Users\gianm\Documents\GitHub\Gruppo11\MyContactsProject\target\classes;C:\Users\gianm\.m2\repository\org\junit\jupiter\junit-jupiter-api\5.6.0\junit-jupiter-api-5.6.0.jar;C:\Users\gianm\.m2\repository\org\apiguardian\apiguardian-api\1.1.0\apiguardian-api-1.1.0.jar;C:\Users\gianm\.m2\repository\org\opentest4j\opentest4j\1.2.0\opentest4j-1.2.0.jar;C:\Users\gianm\.m2\repository\org\junit\platform\junit-platform-commons\1.6.0\junit-platform-commons-1.6.0.jar;C:\Users\gianm\.m2\repository\org\junit\jupiter\junit-jupiter-params\5.6.0\junit-jupiter-params-5.6.0.jar;C:\Users\gianm\.m2\repository\org\junit\jupiter\junit-jupiter-engine\5.6.0\junit-jupiter-engine-5.6.0.jar;C:\Users\gianm\.m2\repository\org\junit\platform\junit-platform-engine\1.6.0\junit-platform-engine-1.6.0.jar;"/>
    <property name="sun.cpu.endian" value="little"/>
    <property name="user.home" value="C:\Users\gianm"/>
    <property name="user.language" value="it"/>
    <property name="java.specification.vendor" value="Oracle Corporation"/>
    <property name="java.home" value="C:\Program Files\Java\jdk1.8.0_201\jre"/>
    <property name="basedir" value="C:\Users\gianm\Documents\GitHub\Gruppo11\MyContactsProject"/>
    <property name="file.separator" value="\"/>
    <property name="line.separator" value="&#10;"/>
    <property name="java.vm.specification.vendor" value="Oracle Corporation"/>
    <property name="java.specification.name" value="Java Platform API Specification"/>
    <property name="java.awt.graphicsenv" value="sun.awt.Win32GraphicsEnvironment"/>
    <property name="surefire.real.class.path" value="C:\Users\gianm\AppData\Local\Temp\surefire8445721738549369827\surefirebooter4767074290159448560.jar"/>
    <property name="sun.boot.class.path" value="C:\Program Files\Java\jdk1.8.0_201\jre\lib\resources.jar;C:\Program Files\Java\jdk1.8.0_201\jre\lib\rt.jar;C:\Program Files\Java\jdk1.8.0_201\jre\lib\sunrsasign.jar;C:\Program Files\Java\jdk1.8.0_201\jre\lib\jsse.jar;C:\Program Files\Java\jdk1.8.0_201\jre\lib\jce.jar;C:\Program Files\Java\jdk1.8.0_201\jre\lib\charsets.jar;C:\Program Files\Java\jdk1.8.0_201\jre\lib\jfr.jar;C:\Program Files\Java\jdk1.8.0_201\jre\classes"/>
    <property name="user.script" value=""/>
    <property name="sun.management.compiler" value="HotSpot 64-Bit Tiered Compilers"/>
    <property name="java.runtime.version" value="1.8.0_201-b09"/>
    <property name="user.name" value="gianm"/>
    <property name="path.separator" value=";"/>
    <property name="os.version" value="10.0"/>
    <property name="java.endorsed.dirs" value="C:\Program Files\Java\jdk1.8.0_201\jre\lib\endorsed"/>
    <property name="java.runtime.name" value="Java(TM) SE Runtime Environment"/>
    <property name="file.encoding" value="UTF-8"/>
    <property name="java.vm.name" value="Java HotSpot(TM) 64-Bit Server VM"/>
    <property name="maven.ext.class.path" value="C:\Program Files\NetBeans-15\netbeans\java\maven-nblib\netbeans-eventspy.jar"/>
    <property name="localRepository" value="C:\Users\gianm\.m2\repository"/>
    <property name="java.vendor.url.bug" value="http://bugreport.sun.com/bugreport/"/>
    <property name="java.io.tmpdir" value="C:\Users\gianm\AppData\Local\Temp\"/>
    <property name="java.version" value="1.8.0_201"/>
    <property name="user.dir" value="C:\Users\gianm\Documents\GitHub\Gruppo11\MyContactsProject"/>
    <property name="os.arch" value="amd64"/>
    <property name="java.vm.specification.name" value="Java Virtual Machine Specification"/>
    <property name="java.awt.printerjob" value="sun.awt.windows.WPrinterJob"/>
    <property name="sun.os.patch.level" value=""/>
    <property name="java.library.path" value="C:\Program Files\Java\jdk1.8.0_201\jre\bin;C:\WINDOWS\Sun\Java\bin;C:\WINDOWS\system32;C:\WINDOWS;C:\Program Files (x86)\Common Files\Oracle\Java\java8path;C:\Program Files (x86)\Common Files\Oracle\Java\javapath;C:\WINDOWS\system32;C:\WINDOWS;C:\WINDOWS\System32\Wbem;C:\WINDOWS\System32\WindowsPowerShell\v1.0\;C:\WINDOWS\System32\OpenSSH\;C:\MinGW\bin;C:\Program Files\MATLAB\R2023a\bin;C:\Users\gianm\AppData\Local\Microsoft\WindowsApps;C:\MinGW;C:\Users\gianm\AppData\Local\Programs\Microsoft VS Code\bin;C:\Users\gianm\AppData\Local\GitHubDesktop\bin;."/>
    <property name="java.vm.info" value="mixed mode"/>
    <property name="java.vendor" value="Oracle Corporation"/>
    <property name="java.vm.version" value="25.201-b09"/>
    <property name="java.ext.dirs" value="C:\Program Files\Java\jdk1.8.0_201\jre\lib\ext;C:\WINDOWS\Sun\Java\lib\ext"/>
    <property name="sun.io.unicode.encoding" value="UnicodeLittle"/>
    <property name="java.class.version" value="52.0"/>
  </properties>
  <testcase name="testRimuoviContatto" classname="it.unisa.diem.mycontacts.datastructure.RubricaTest" time="0.048"/>
  <testcase name="testAggiungiContatto" classname="it.unisa.diem.mycontacts.datastructure.RubricaTest" time="0"/>
  <testcase name="testRimuoviDaPreferiti" classname="it.unisa.diem.mycontacts.datastructure.RubricaTest" time="0.006">
    <error message="Il contatto non è presente nella lista dei preferiti." type="java.lang.IllegalArgumentException">java.lang.IllegalArgumentException: Il contatto non è presente nella lista dei preferiti.
	at it.unisa.diem.mycontacts.datastructure.RubricaTest.testRimuoviDaPreferiti(RubricaTest.java:215)
</error>
  </testcase>
  <testcase name="testRicercaContatti" classname="it.unisa.diem.mycontacts.datastructure.RubricaTest" time="0.009"/>
  <testcase name="testEsportaRubrica" classname="it.unisa.diem.mycontacts.datastructure.RubricaTest" time="0.462">
    <error message="This operation is permitted on the event thread only; currentThread = main" type="java.lang.IllegalStateException">java.lang.IllegalStateException: This operation is permitted on the event thread only; currentThread = main
	at it.unisa.diem.mycontacts.datastructure.RubricaTest.testEsportaRubrica(RubricaTest.java:234)
</error>
  </testcase>
  <testcase name="testAggiungiAPreferiti" classname="it.unisa.diem.mycontacts.datastructure.RubricaTest" time="0.007"/>
  <testcase name="testGetElenco" classname="it.unisa.diem.mycontacts.datastructure.RubricaTest" time="0.002"/>
  <testcase name="testIsRubricaVuota" classname="it.unisa.diem.mycontacts.datastructure.RubricaTest" time="0.002"/>
  <testcase name="testGetElencoPreferiti" classname="it.unisa.diem.mycontacts.datastructure.RubricaTest" time="0"/>
  <testcase name="testResetRubrica" classname="it.unisa.diem.mycontacts.datastructure.RubricaTest" time="0"/>
</testsuite>